<?xml version="1.0" encoding="UTF-8"?>
<testsuite xmlns:xsi="http://www.w3.org/2001/XMLSchema-instance" xsi:noNamespaceSchemaLocation="https://maven.apache.org/surefire/maven-surefire-plugin/xsd/surefire-test-report.xsd" name="OrderListTests" time="3.016" tests="6" errors="6" skipped="0" failures="0">
  <properties>
[...]
</properties>
  <testcase name="getOrdersListWithValidCourierIdTest" classname="OrderListTests" time="1.011">
    <error message="Failed to create courier: {&quot;code&quot;:409,&quot;message&quot;:&quot;Этот логин уже используется. Попробуйте другой.&quot;}" type="java.lang.RuntimeException">java.lang.RuntimeException: Failed to create courier: {"code":409,"message":"Этот логин уже используется. Попробуйте другой."}
	at OrderListTests.setUp(OrderListTests.java:37)
</error>
    <system-out><![CDATA[No courier to delete for login: 122testLogin
]]></system-out>
  </testcase>
  <testcase name="getOrdersListWithValidCourierIdTest" classname="OrderListTests" time="1.012">
    <error message="Failed to finish order: {&quot;code&quot;:404,&quot;message&quot;:&quot;Заказа с таким id не существует&quot;}" type="java.lang.RuntimeException">java.lang.RuntimeException: Failed to finish order: {"code":404,"message":"Заказа с таким id не существует"}
	at OrderListTests.finishOrder(OrderListTests.java:149)
	at OrderListTests.tearDown(OrderListTests.java:157)
</error>
  </testcase>
  <testcase name="getOrdersListWithInvalidCourierIdTest" classname="OrderListTests" time="1.013">
    <error message="Failed to create courier: {&quot;code&quot;:409,&quot;message&quot;:&quot;Этот логин уже используется. Попробуйте другой.&quot;}" type="java.lang.RuntimeException">java.lang.RuntimeException: Failed to create courier: {"code":409,"message":"Этот логин уже используется. Попробуйте другой."}
	at OrderListTests.setUp(OrderListTests.java:37)
</error>
    <system-out><![CDATA[No courier to delete for login: 122testLogin
]]></system-out>
  </testcase>
  <testcase name="getOrdersListWithInvalidCourierIdTest" classname="OrderListTests" time="1.013">
    <error message="Failed to finish order: {&quot;code&quot;:404,&quot;message&quot;:&quot;Заказа с таким id не существует&quot;}" type="java.lang.RuntimeException">java.lang.RuntimeException: Failed to finish order: {"code":404,"message":"Заказа с таким id не существует"}
	at OrderListTests.finishOrder(OrderListTests.java:149)
	at OrderListTests.tearDown(OrderListTests.java:157)
</error>
  </testcase>
  <testcase name="getOrdersListWithoutCourierIdTest" classname="OrderListTests" time="0.975">
    <error message="Failed to create courier: {&quot;code&quot;:409,&quot;message&quot;:&quot;Этот логин уже используется. Попробуйте другой.&quot;}" type="java.lang.RuntimeException">java.lang.RuntimeException: Failed to create courier: {"code":409,"message":"Этот логин уже используется. Попробуйте другой."}
	at OrderListTests.setUp(OrderListTests.java:37)
</error>
    <system-out><![CDATA[No courier to delete for login: 122testLogin
]]></system-out>
  </testcase>
  <testcase name="getOrdersListWithoutCourierIdTest" classname="OrderListTests" time="0.976">
    <error message="Failed to finish order: {&quot;code&quot;:404,&quot;message&quot;:&quot;Заказа с таким id не существует&quot;}" type="java.lang.RuntimeException">java.lang.RuntimeException: Failed to finish order: {"code":404,"message":"Заказа с таким id не существует"}
	at OrderListTests.finishOrder(OrderListTests.java:149)
	at OrderListTests.tearDown(OrderListTests.java:157)
</error>
  </testcase>
</testsuite>