<?xml version="1.0" encoding="UTF-8"?>
<testsuite xmlns:xsi="http://www.w3.org/2001/XMLSchema-instance" xsi:noNamespaceSchemaLocation="https://maven.apache.org/surefire/maven-surefire-plugin/xsd/surefire-test-report.xsd" name="CourierCreationTests" time="4.53" tests="5" errors="0" skipped="0" failures="2">
  <properties>
[...]
</properties>
  <testcase name="createCourierConflictTest" classname="CourierCreationTests" time="1.525">
    <failure message="1 expectation failed.&#10;JSON path message doesn&apos;t match.&#10;Expected: Этот логин уже используется&#10;  Actual: Этот логин уже используется. Попробуйте другой.&#10;" type="java.lang.AssertionError">java.lang.AssertionError: 
1 expectation failed.
JSON path message doesn't match.
Expected: Этот логин уже используется
  Actual: Этот логин уже используется. Попробуйте другой.

	at CourierCreationTests.createCourierConflictTest(CourierCreationTests.java:71)
</failure>
    <system-out><![CDATA[Courier with ID 431361 has been deleted.
]]></system-out>
  </testcase>
  <testcase name="createCourierWithoutPasswordTest" classname="CourierCreationTests" time="0.369"/>
  <testcase name="createCourierTest" classname="CourierCreationTests" time="1.085"/>
  <testcase name="createCourierWithoutLoginTest" classname="CourierCreationTests" time="0.457"/>
  <testcase name="createCourierWithoutFirstNameTest" classname="CourierCreationTests" time="1.076">
    <failure message="1 expectation failed.&#10;Expected status code &lt;400&gt; but was &lt;201&gt;.&#10;" type="java.lang.AssertionError"><![CDATA[java.lang.AssertionError: 
1 expectation failed.
Expected status code <400> but was <201>.

	at CourierCreationTests.createCourierWithoutFirstNameTest(CourierCreationTests.java:133)
]]></failure>
    <system-out><![CDATA[Courier with ID 431363 has been deleted.
]]></system-out>
  </testcase>
</testsuite>